<?xml version="1.0" encoding="utf-8"?>
<TestRun id="521cc568-c0d8-40a5-a57a-255ef982f5a6" name="Administrator@EC2AMAZ-H6CHGS5 2023-05-22 12:10:53" runUser="EC2AMAZ-H6CHGS5\Administrator" xmlns="http://microsoft.com/schemas/VisualStudio/TeamTest/2010">
  <Times creation="2023-05-22T12:10:53.6680933+00:00" queuing="2023-05-22T12:10:53.6680933+00:00" start="2023-05-22T12:10:53.0172451+00:00" finish="2023-05-22T12:10:53.6816626+00:00" />
  <TestSettings name="default" id="a4ef4796-dccc-4301-b2fa-499b55781546">
    <Deployment runDeploymentRoot="Administrator_EC2AMAZ-H6CHGS5_2023-05-22_12_10_53" />
  </TestSettings>
  <TestLists>
    <TestList name="Results Not in a List" id="8c84fa94-04c1-424b-9868-57a2d4851a1d" />
    <TestList name="All Loaded Results" id="19431567-8539-422a-85d7-44ee4e166bda" />
  </TestLists>
  <ResultSummary outcome="Failed">
    <Counters total="0" executed="0" passed="0" failed="0" error="0" timeout="0" aborted="0" inconclusive="0" passedButRunAborted="0" notRunnable="0" notExecuted="0" disconnected="0" warning="0" completed="0" inProgress="0" pending="0" />
    <RunInfos>
      <RunInfo computerName="EC2AMAZ-H6CHGS5" outcome="Error" timestamp="2023-05-22T12:10:53.5875309+00:00">
        <Text>Could not find testhost</Text>
      </RunInfo>
    </RunInfos>
  </ResultSummary>
</TestRun>